2025-08-27 20:36:28,431 - ERROR - F5-TTS generation failed: F5-TTS CLI failed: /Users/nbiish/miniconda3/lib/python3.12/site-packages/transformers/utils/hub.py:111: FutureWarning: Using `TRANSFORMERS_CACHE` is deprecated and will be removed in v5 of Transformers. Use `HF_HOME` instead.
  warnings.warn(
Traceback (most recent call last):
  File "<frozen runpy>", line 198, in _run_module_as_main
  File "<frozen runpy>", line 88, in _run_code
  File "/Users/nbiish/miniconda3/lib/python3.12/site-packages/f5_tts/infer/infer_cli.py", line 17, in <module>
    from f5_tts.infer.utils_infer import (
  File "/Users/nbiish/miniconda3/lib/python3.12/site-packages/f5_tts/infer/utils_infer.py", line 28, in <module>
    from transformers import pipeline
  File "/Users/nbiish/miniconda3/lib/python3.12/site-packages/transformers/__init__.py", line 27, in <module>
    from . import dependency_versions_check
  File "/Users/nbiish/miniconda3/lib/python3.12/site-packages/transformers/dependency_versions_check.py", line 57, in <module>
    require_version_core(deps[pkg])
  File "/Users/nbiish/miniconda3/lib/python3.12/site-packages/transformers/utils/versions.py", line 117, in require_version_core
    return require_version(requirement, hint)
           ^^^^^^^^^^^^^^^^^^^^^^^^^^^^^^^^^^
  File "/Users/nbiish/miniconda3/lib/python3.12/site-packages/transformers/utils/versions.py", line 111, in require_version
    _compare_versions(op, got_ver, want_ver, requirement, pkg, hint)
  File "/Users/nbiish/miniconda3/lib/python3.12/site-packages/transformers/utils/versions.py", line 44, in _compare_versions
    raise ImportError(
ImportError: huggingface-hub>=0.34.0,<1.0 is required for a normal functioning of this module, but found huggingface-hub==0.28.1.
Try: `pip install transformers -U` or `pip install -e '.[dev]'` if you're working with git main

2025-08-27 20:36:28,434 - ERROR - Application error: F5-TTS CLI failed: /Users/nbiish/miniconda3/lib/python3.12/site-packages/transformers/utils/hub.py:111: FutureWarning: Using `TRANSFORMERS_CACHE` is deprecated and will be removed in v5 of Transformers. Use `HF_HOME` instead.
  warnings.warn(
Traceback (most recent call last):
  File "<frozen runpy>", line 198, in _run_module_as_main
  File "<frozen runpy>", line 88, in _run_code
  File "/Users/nbiish/miniconda3/lib/python3.12/site-packages/f5_tts/infer/infer_cli.py", line 17, in <module>
    from f5_tts.infer.utils_infer import (
  File "/Users/nbiish/miniconda3/lib/python3.12/site-packages/f5_tts/infer/utils_infer.py", line 28, in <module>
    from transformers import pipeline
  File "/Users/nbiish/miniconda3/lib/python3.12/site-packages/transformers/__init__.py", line 27, in <module>
    from . import dependency_versions_check
  File "/Users/nbiish/miniconda3/lib/python3.12/site-packages/transformers/dependency_versions_check.py", line 57, in <module>
    require_version_core(deps[pkg])
  File "/Users/nbiish/miniconda3/lib/python3.12/site-packages/transformers/utils/versions.py", line 117, in require_version_core
    return require_version(requirement, hint)
           ^^^^^^^^^^^^^^^^^^^^^^^^^^^^^^^^^^
  File "/Users/nbiish/miniconda3/lib/python3.12/site-packages/transformers/utils/versions.py", line 111, in require_version
    _compare_versions(op, got_ver, want_ver, requirement, pkg, hint)
  File "/Users/nbiish/miniconda3/lib/python3.12/site-packages/transformers/utils/versions.py", line 44, in _compare_versions
    raise ImportError(
ImportError: huggingface-hub>=0.34.0,<1.0 is required for a normal functioning of this module, but found huggingface-hub==0.28.1.
Try: `pip install transformers -U` or `pip install -e '.[dev]'` if you're working with git main

2025-08-27 20:36:45,550 - ERROR - F5-TTS generation failed: F5-TTS CLI failed: /Users/nbiish/miniconda3/lib/python3.12/site-packages/transformers/utils/hub.py:111: FutureWarning: Using `TRANSFORMERS_CACHE` is deprecated and will be removed in v5 of Transformers. Use `HF_HOME` instead.
  warnings.warn(
Traceback (most recent call last):
  File "<frozen runpy>", line 198, in _run_module_as_main
  File "<frozen runpy>", line 88, in _run_code
  File "/Users/nbiish/miniconda3/lib/python3.12/site-packages/f5_tts/infer/infer_cli.py", line 17, in <module>
    from f5_tts.infer.utils_infer import (
  File "/Users/nbiish/miniconda3/lib/python3.12/site-packages/f5_tts/infer/utils_infer.py", line 31, in <module>
    from f5_tts.model import CFM
  File "/Users/nbiish/miniconda3/lib/python3.12/site-packages/f5_tts/model/__init__.py", line 1, in <module>
    from f5_tts.model.backbones.dit import DiT
  File "/Users/nbiish/miniconda3/lib/python3.12/site-packages/f5_tts/model/backbones/dit.py", line 17, in <module>
    from f5_tts.model.modules import (
  File "/Users/nbiish/miniconda3/lib/python3.12/site-packages/f5_tts/model/modules.py", line 19, in <module>
    from librosa.filters import mel as librosa_mel_fn
  File "/Users/nbiish/miniconda3/lib/python3.12/site-packages/librosa/filters.py", line 52, in <module>
    from numba import jit
  File "/Users/nbiish/miniconda3/lib/python3.12/site-packages/numba/__init__.py", line 59, in <module>
    _ensure_critical_deps()
  File "/Users/nbiish/miniconda3/lib/python3.12/site-packages/numba/__init__.py", line 45, in _ensure_critical_deps
    raise ImportError(msg)
ImportError: Numba needs NumPy 2.2 or less. Got NumPy 2.3.

2025-08-27 20:36:45,557 - ERROR - Application error: F5-TTS CLI failed: /Users/nbiish/miniconda3/lib/python3.12/site-packages/transformers/utils/hub.py:111: FutureWarning: Using `TRANSFORMERS_CACHE` is deprecated and will be removed in v5 of Transformers. Use `HF_HOME` instead.
  warnings.warn(
Traceback (most recent call last):
  File "<frozen runpy>", line 198, in _run_module_as_main
  File "<frozen runpy>", line 88, in _run_code
  File "/Users/nbiish/miniconda3/lib/python3.12/site-packages/f5_tts/infer/infer_cli.py", line 17, in <module>
    from f5_tts.infer.utils_infer import (
  File "/Users/nbiish/miniconda3/lib/python3.12/site-packages/f5_tts/infer/utils_infer.py", line 31, in <module>
    from f5_tts.model import CFM
  File "/Users/nbiish/miniconda3/lib/python3.12/site-packages/f5_tts/model/__init__.py", line 1, in <module>
    from f5_tts.model.backbones.dit import DiT
  File "/Users/nbiish/miniconda3/lib/python3.12/site-packages/f5_tts/model/backbones/dit.py", line 17, in <module>
    from f5_tts.model.modules import (
  File "/Users/nbiish/miniconda3/lib/python3.12/site-packages/f5_tts/model/modules.py", line 19, in <module>
    from librosa.filters import mel as librosa_mel_fn
  File "/Users/nbiish/miniconda3/lib/python3.12/site-packages/librosa/filters.py", line 52, in <module>
    from numba import jit
  File "/Users/nbiish/miniconda3/lib/python3.12/site-packages/numba/__init__.py", line 59, in <module>
    _ensure_critical_deps()
  File "/Users/nbiish/miniconda3/lib/python3.12/site-packages/numba/__init__.py", line 45, in _ensure_critical_deps
    raise ImportError(msg)
ImportError: Numba needs NumPy 2.2 or less. Got NumPy 2.3.

2025-08-27 20:40:47,589 - ERROR - Higgs Audio v2 generation failed: boson_multimodal package not available. Install with: uv pip install boson-multimodal
2025-08-27 20:40:47,594 - ERROR - Application error: boson_multimodal package not available. Install with: uv pip install boson-multimodal
2025-08-27 20:49:16,942 - ERROR - Higgs Audio v2 generation failed: boson_multimodal package not available. Install with: uv pip install boson-multimodal
2025-08-27 20:49:16,947 - ERROR - Application error: boson_multimodal package not available. Install with: uv pip install boson-multimodal
2025-08-27 20:49:28,497 - ERROR - VibeVoice generation failed: Failed to load VibeVoice model: VibeVoice execution failed: /Volumes/1tb-sandisk/code-external/tts-cli/.model-envs/vibevoice-env/.venv/lib/python3.12/site-packages/transformers/utils/hub.py:105: FutureWarning: Using `TRANSFORMERS_CACHE` is deprecated and will be removed in v5 of Transformers. Use `HF_HOME` instead.
  warnings.warn(
APEX FusedRMSNorm not available, using native implementation

2025-08-27 20:49:28,498 - ERROR - Application error: Failed to load VibeVoice model: VibeVoice execution failed: /Volumes/1tb-sandisk/code-external/tts-cli/.model-envs/vibevoice-env/.venv/lib/python3.12/site-packages/transformers/utils/hub.py:105: FutureWarning: Using `TRANSFORMERS_CACHE` is deprecated and will be removed in v5 of Transformers. Use `HF_HOME` instead.
  warnings.warn(
APEX FusedRMSNorm not available, using native implementation

2025-08-27 20:54:03,838 - ERROR - Application error: Failed to create environment for higgs-audio-v2
